Unable to add tag 'Chinese::Chinese_Link_Level1::L22::Core' for Hanzi='美丽'. No exact match found!
Unable to add tag 'Chinese::Chinese_Link_Level1::L22::Core' for Hanzi='大楼'. No exact match found!
Unable to add tag 'Chinese::Chinese_Link_Level1::L22::Core' for Hanzi='一些'. No exact match found!
Unable to add tag 'Chinese::Chinese_Link_Level1::L22::Core' for Hanzi='等等'. No exact match found!
Unable to add tag 'Chinese::Chinese_Link_Level1::L22::Core' for Hanzi='小笼包'. No exact match found!
Unable to add tag 'Chinese::Chinese_Link_Level1::L22::Core' for Hanzi='尝尝'. No exact match found!
Unable to add tag 'Chinese::Chinese_Link_Level1::L22::Core' for Hanzi='收到'. No exact match found!
Unable to add tag 'Chinese::Chinese_Link_Level1::L22::Core' for Hanzi='看来'. No exact match found!
Unable to add tag 'Chinese::Chinese_Link_Level1::L22::Core' for Hanzi='学到'. No exact match found!
Unable to add tag 'Chinese::Chinese_Link_Level1::L22::Core' for Hanzi='来信'. No exact match found!
Unable to add tag 'Chinese::Chinese_Link_Level1::L22::Supplemental' for Hanzi='心想事成'. No exact match found!
Unable to add tag 'Chinese::Chinese_Link_Level1::L15::Core' for Hanzi='前边'. No exact match found!
Unable to add tag 'Chinese::Chinese_Link_Level1::L15::Core' for Hanzi='里边'. No exact match found!
Unable to add tag 'Chinese::Chinese_Link_Level1::L15::Core' for Hanzi='里'. No exact match found!
Unable to add tag 'Chinese::Chinese_Link_Level1::L15::Core' for Hanzi='走'. No exact match found!
Unable to add tag 'Chinese::Chinese_Link_Level1::L15::Supplemental' for Hanzi='间'. No exact match found!
Unable to add tag 'Chinese::Chinese_Link_Level1::L15::Supplemental' for Hanzi='书桌'. No exact match found!
Unable to add tag 'Chinese::Chinese_Link_Level1::L15::Supplemental' for Hanzi='窗户'. No exact match found!
Unable to add tag 'Chinese::Chinese_Link_Level1::L15::Supplemental' for Hanzi='衣橱'. No exact match found!
Unable to add tag 'Chinese::Chinese_Link_Level1::L15::Supplemental' for Hanzi='床'. No exact match found!
Unable to add tag 'Chinese::Chinese_Link_Level1::L14::Core' for Hanzi='星期六'. No exact match found!
Unable to add tag 'Chinese::Chinese_Link_Level1::L14::Core' for Hanzi='舞'. No exact match found!
Unable to add tag 'Chinese::Chinese_Link_Level1::L14::Core' for Hanzi='多大'. No exact match found!
Unable to add tag 'Chinese::Chinese_Link_Level1::L14::Supplemental' for Hanzi='月历'. No exact match found!
Unable to add tag 'Chinese::Chinese_Link_Level1::L14::Supplemental' for Hanzi='庆生'. No exact match found!
Unable to add tag 'Chinese::Chinese_Link_Level1::L14::Supplemental' for Hanzi='晚会'. No exact match found!
Unable to add tag 'Chinese::Chinese_Link_Level1::L14::Supplemental' for Hanzi='祝你生日快乐'. No exact match found!
Unable to add tag 'Chinese::Chinese_Link_Level1::L21::Core' for Hanzi='暑假'. No exact match found!
Unable to add tag 'Chinese::Chinese_Link_Level1::L21::Core' for Hanzi='研究生院'. No exact match found!
Unable to add tag 'Chinese::Chinese_Link_Level1::L21::Core' for Hanzi='国外'. No exact match found!
Unable to add tag 'Chinese::Chinese_Link_Level1::L21::Core' for Hanzi='暑期'. No exact match found!
Unable to add tag 'Chinese::Chinese_Link_Level1::L21::Core' for Hanzi='一面'. No exact match found!
Unable to add tag 'Chinese::Chinese_Link_Level1::L21::Core' for Hanzi='有意思'. No exact match found!
Unable to add tag 'Chinese::Chinese_Link_Level1::L21::Core' for Hanzi='一路平安'. No exact match found!
Unable to add tag 'Chinese::Chinese_Link_Level1::L21::Core' for Hanzi='好运'. No exact match found!
Unable to add tag 'Chinese::Chinese_Link_Level1::L21::Supplemental' for Hanzi='大学生'. No exact match found!
Unable to add tag 'Chinese::Chinese_Link_Level1::L21::Supplemental' for Hanzi='研究生'. No exact match found!
Unable to add tag 'Chinese::Chinese_Link_Level1::L21::Supplemental' for Hanzi='博士生'. No exact match found!
Unable to add tag 'Chinese::Chinese_Link_Level1::L21::Supplemental' for Hanzi='学士'. No exact match found!
Unable to add tag 'Chinese::Chinese_Link_Level1::L21::Supplemental' for Hanzi='履历表'. No exact match found!
Unable to add tag 'Chinese::Chinese_Link_Level1::L20::Core' for Hanzi='搬'. No exact match found!
Unable to add tag 'Chinese::Chinese_Link_Level1::L20::Core' for Hanzi='出去'. No exact match found!
Unable to add tag 'Chinese::Chinese_Link_Level1::L20::Core' for Hanzi='过来'. No exact match found!
Unable to add tag 'Chinese::Chinese_Link_Level1::L20::Core' for Hanzi='做饭'. No exact match found!
Unable to add tag 'Chinese::Chinese_Link_Level1::L20::Core' for Hanzi='女朋友'. No exact match found!
Unable to add tag 'Chinese::Chinese_Link_Level1::L20::Core' for Hanzi='第一天'. No exact match found!
Unable to add tag 'Chinese::Chinese_Link_Level1::L20::Core' for Hanzi='第'. No exact match found!
Unable to add tag 'Chinese::Chinese_Link_Level1::L20::Core' for Hanzi='付'. No exact match found!
Unable to add tag 'Chinese::Chinese_Link_Level1::L17::Core' for Hanzi='夏'. No exact match found!
Unable to add tag 'Chinese::Chinese_Link_Level1::L17::Core' for Hanzi='秋'. No exact match found!
Unable to add tag 'Chinese::Chinese_Link_Level1::L17::Core' for Hanzi='冬'. No exact match found!
Unable to add tag 'Chinese::Chinese_Link_Level1::L17::Core' for Hanzi='有时候'. No exact match found!
Unable to add tag 'Chinese::Chinese_Link_Level1::L17::Core' for Hanzi='风'. No exact match found!
Unable to add tag 'Chinese::Chinese_Link_Level1::L17::Core' for Hanzi='雨'. No exact match found!
Unable to add tag 'Chinese::Chinese_Link_Level1::L17::Core' for Hanzi='下雪'. No exact match found!
Unable to add tag 'Chinese::Chinese_Link_Level1::L17::Core' for Hanzi='面'. No exact match found!
Unable to add tag 'Chinese::Chinese_Link_Level1::L17::Supplemental' for Hanzi='暑假'. No exact match found!
Unable to add tag 'Chinese::Chinese_Link_Level1::L17::Supplemental' for Hanzi='假期'. No exact match found!
Unable to add tag 'Chinese::Chinese_Link_Level1::L17::Supplemental' for Hanzi='四季'. No exact match found!
Unable to add tag 'Chinese::Chinese_Link_Level1::L17::Supplemental' for Hanzi='凉'. No exact match found!
Unable to add tag 'Chinese::Chinese_Link_Level1::L17::Supplemental' for Hanzi='摄氏'. No exact match found!
Unable to add tag 'Chinese::Chinese_Link_Level1::L17::Supplemental' for Hanzi='气温'. No exact match found!
Unable to add tag 'Chinese::Chinese_Link_Level1::L13::Core' for Hanzi='店'. No exact match found!
Unable to add tag 'Chinese::Chinese_Link_Level1::L13::Core' for Hanzi='黄'. No exact match found!
Unable to add tag 'Chinese::Chinese_Link_Level1::L13::Core' for Hanzi='不错'. No exact match found!
Unable to add tag 'Chinese::Chinese_Link_Level1::L13::Core' for Hanzi='帮'. No exact match found!
Unable to add tag 'Chinese::Chinese_Link_Level1::L13::Core' for Hanzi='好看'. No exact match found!
Unable to add tag 'Chinese::Chinese_Link_Level1::L13::Supplemental' for Hanzi='几号'. No exact match found!
Unable to add tag 'Chinese::Chinese_Link_Level1::L13::Supplemental' for Hanzi='中'. No exact match found!
Unable to add tag 'Chinese::Chinese_Link_Level1::L13::Supplemental' for Hanzi='毛衣'. No exact match found!
Unable to add tag 'Chinese::Chinese_Link_Level1::L13::Supplemental' for Hanzi='T-恤衫'. No exact match found!
Unable to add tag 'Chinese::Chinese_Link_Level1::L13::Supplemental' for Hanzi='颜色'. No exact match found!
Unable to add tag 'Chinese::Chinese_Link_Level1::L13::Supplemental' for Hanzi='橙色'. No exact match found!
Unable to add tag 'Chinese::Chinese_Link_Level1::L13::Supplemental' for Hanzi='蓝色'. No exact match found!
Unable to add tag 'Chinese::Chinese_Link_Level1::L13::Supplemental' for Hanzi='紫色'. No exact match found!
Unable to add tag 'Chinese::Chinese_Link_Level1::L13::Supplemental' for Hanzi='金黄色'. No exact match found!
Unable to add tag 'Chinese::Chinese_Link_Level1::L13::Supplemental' for Hanzi='银灰色'. No exact match found!
Unable to add tag 'Chinese::Chinese_Link_Level1::L13::Supplemental' for Hanzi='新台币'. No exact match found!
Unable to add tag 'Chinese::Chinese_Link_Level1::L13::Supplemental' for Hanzi='港币'. No exact match found!
Unable to add tag 'Chinese::Chinese_Link_Level1::L13::Supplemental' for Hanzi='美金'. No exact match found!
Unable to add tag 'Chinese::Chinese_Link_Level1::L19::Core' for Hanzi='怎么了'. No exact match found!
Unable to add tag 'Chinese::Chinese_Link_Level1::L19::Core' for Hanzi='头'. No exact match found!
Unable to add tag 'Chinese::Chinese_Link_Level1::L19::Core' for Hanzi='病'. No exact match found!
Unable to add tag 'Chinese::Chinese_Link_Level1::L19::Core' for Hanzi='吃药'. No exact match found!
Unable to add tag 'Chinese::Chinese_Link_Level1::L19::Core' for Hanzi='笔记'. No exact match found!
Unable to add tag 'Chinese::Chinese_Link_Level1::L19::Supplemental' for Hanzi='医务室'. No exact match found!
Unable to add tag 'Chinese::Chinese_Link_Level1::L19::Supplemental' for Hanzi='医护室'. No exact match found!
Unable to add tag 'Chinese::Chinese_Link_Level1::L19::Supplemental' for Hanzi='诊所'. No exact match found!
Unable to add tag 'Chinese::Chinese_Link_Level1::L19::Supplemental' for Hanzi='体温'. No exact match found!
Unable to add tag 'Chinese::Chinese_Link_Level1::L19::Supplemental' for Hanzi='流感'. No exact match found!
Unable to add tag 'Chinese::Chinese_Link_Level1::L19::Supplemental' for Hanzi='流行性感冒'. No exact match found!
Unable to add tag 'Chinese::Chinese_Link_Level1::L19::Supplemental' for Hanzi='预防针'. No exact match found!
Unable to add tag 'Chinese::Chinese_Link_Level1::L19::Supplemental' for Hanzi='流感疫苗'. No exact match found!
Unable to add tag 'Chinese::Chinese_Link_Level1::L18::Core' for Hanzi='火车'. No exact match found!
Unable to add tag 'Chinese::Chinese_Link_Level1::L18::Core' for Hanzi='分钟'. No exact match found!
Unable to add tag 'Chinese::Chinese_Link_Level1::L18::Core' for Hanzi='走路'. No exact match found!
Unable to add tag 'Chinese::Chinese_Link_Level1::L18::Core' for Hanzi='景色'. No exact match found!
Unable to add tag 'Chinese::Chinese_Link_Level1::L18::Supplemental' for Hanzi='海滩'. No exact match found!
Unable to add tag 'Chinese::Chinese_Link_Level1::L18::Supplemental' for Hanzi='北'. No exact match found!
Unable to add tag 'Chinese::Chinese_Link_Level1::L18::Supplemental' for Hanzi='旺季'. No exact match found!
Unable to add tag 'Chinese::Chinese_Link_Level1::L18::Supplemental' for Hanzi='单车'. No exact match found!
Unable to add tag 'Chinese::Chinese_Link_Level1::L18::Supplemental' for Hanzi='脚踏车'. No exact match found!
Unable to add tag 'Chinese::Chinese_Link_Level1::L18::Supplemental' for Hanzi='汽车'. No exact match found!
Unable to add tag 'Chinese::Chinese_Link_Level1::L18::Supplemental' for Hanzi='机车'. No exact match found!
Unable to add tag 'Chinese::Chinese_Link_Level1::L18::Supplemental' for Hanzi='出租汽车'. No exact match found!
Unable to add tag 'Chinese::Chinese_Link_Level1::L18::Supplemental' for Hanzi='计程车'. No exact match found!
Unable to add tag 'Chinese::Chinese_Link_Level1::L18::Supplemental' for Hanzi='火车'. No exact match found!
Unable to add tag 'Chinese::Chinese_Link_Level1::L18::Supplemental' for Hanzi='公车'. No exact match found!
Unable to add tag 'Chinese::Chinese_Link_Level1::L18::Supplemental' for Hanzi='巴士'. No exact match found!
Unable to add tag 'Chinese::Chinese_Link_Level1::L18::Supplemental' for Hanzi='车站'. No exact match found!
Unable to add tag 'Chinese::Chinese_Link_Level1::L18::Supplemental' for Hanzi='捷运'. No exact match found!
Unable to add tag 'Chinese::Chinese_Link_Level1::L18::Supplemental' for Hanzi='地下道'. No exact match found!
Unable to add tag 'Chinese::Chinese_Link_Level1::L12::Core' for Hanzi='手排挡'. No exact match found!
Unable to add tag 'Chinese::Chinese_Link_Level1::L12::Core' for Hanzi='手'. No exact match found!
Unable to add tag 'Chinese::Chinese_Link_Level1::L12::Core' for Hanzi='色'. No exact match found!
Unable to add tag 'Chinese::Chinese_Link_Level1::L12::Core' for Hanzi='这次'. No exact match found!
Unable to add tag 'Chinese::Chinese_Link_Level1::L12::Supplemental' for Hanzi='自动排挡'. No exact match found!
Unable to add tag 'Chinese::Chinese_Link_Level1::L16::Core' for Hanzi='篮球'. No exact match found!
Unable to add tag 'Chinese::Chinese_Link_Level1::L16::Core' for Hanzi='教'. No exact match found!
Unable to add tag 'Chinese::Chinese_Link_Level1::L16::Supplemental' for Hanzi='球季'. No exact match found!
Unable to add tag 'Chinese::Chinese_Link_Level1::L16::Supplemental' for Hanzi='骑自行车'. No exact match found!
Unable to add tag 'Chinese::Chinese_Link_Level1::L16::Supplemental' for Hanzi='滑雪'. No exact match found!
Unable to add tag 'Chinese::Chinese_Link_Level1::L16::Supplemental' for Hanzi='远足'. No exact match found!
Unable to add tag 'Chinese::Chinese_Link_Level1::L16::Supplemental' for Hanzi='棒球'. No exact match found!
Unable to add tag 'Chinese::Chinese_Link_Level1::L16::Supplemental' for Hanzi='橄榄球'. No exact match found!
Unable to add tag 'Chinese::Chinese_Link_Level1::L16::Supplemental' for Hanzi='足球'. No exact match found!
Unable to add tag 'Chinese::Chinese_Link_Level1::L16::Supplemental' for Hanzi='跑'. No exact match found!
Unable to add tag 'Chinese::Chinese_Link_Level1::L16::Supplemental' for Hanzi='步'. No exact match found!
Unable to add tag 'Chinese::Chinese_Link_Level1::L08::Core' for Hanzi='上课'. No exact match found!
Unable to add tag 'Chinese::Chinese_Link_Level1::L08::Core' for Hanzi='下课'. No exact match found!
Unable to add tag 'Chinese::Chinese_Link_Level1::L08::Core' for Hanzi='以后'. No exact match found!
Unable to add tag 'Chinese::Chinese_Link_Level1::L08::Core' for Hanzi='事儿'. No exact match found!
Unable to add tag 'Chinese::Chinese_Link_Level1::L08::Core' for Hanzi='吃饭'. No exact match found!
Unable to add tag 'Chinese::Chinese_Link_Level1::L08::Core' for Hanzi='饭'. No exact match found!
Unable to add tag 'Chinese::Chinese_Link_Level1::L08::Core' for Hanzi='下次'. No exact match found!
Unable to add tag 'Chinese::Chinese_Link_Level1::L08::Core' for Hanzi='见'. No exact match found!
Unable to add tag 'Chinese::Chinese_Link_Level1::L08::Supplemental' for Hanzi='早饭'. No exact match found!
Unable to add tag 'Chinese::Chinese_Link_Level1::L08::Supplemental' for Hanzi='午饭'. No exact match found!
Unable to add tag 'Chinese::Chinese_Link_Level1::L08::Supplemental' for Hanzi='中饭'. No exact match found!
Unable to add tag 'Chinese::Chinese_Link_Level1::L08::Supplemental' for Hanzi='晚饭'. No exact match found!
Unable to add tag 'Chinese::Chinese_Link_Level1::L08::Supplemental' for Hanzi='宵夜'. No exact match found!
Unable to add tag 'Chinese::Chinese_Link_Level1::L03::Core' for Hanzi='国'. No exact match found!
Unable to add tag 'Chinese::Chinese_Link_Level1::L03::Core' for Hanzi='对了'. No exact match found!
Unable to add tag 'Chinese::Chinese_Link_Level1::L03::Core' for Hanzi='法国'. No exact match found!
Unable to add tag 'Chinese::Chinese_Link_Level1::L03::Core' for Hanzi='美国'. No exact match found!
Unable to add tag 'Chinese::Chinese_Link_Level1::L03::Core' for Hanzi='英国'. No exact match found!
Unable to add tag 'Chinese::Chinese_Link_Level1::L03::Core' for Hanzi='儿'. No exact match found!
Unable to add tag 'Chinese::Chinese_Link_Level1::L03::Core' for Hanzi='法文'. No exact match found!
Unable to add tag 'Chinese::Chinese_Link_Level1::L03::Supplemental' for Hanzi='德国'. No exact match found!
Unable to add tag 'Chinese::Chinese_Link_Level1::L03::Supplemental' for Hanzi='韩国'. No exact match found!
Unable to add tag 'Chinese::Chinese_Link_Level1::L03::Supplemental' for Hanzi='加拿大'. No exact match found!
Unable to add tag 'Chinese::Chinese_Link_Level1::L03::Supplemental' for Hanzi='墨西哥'. No exact match found!
Unable to add tag 'Chinese::Chinese_Link_Level1::L03::Supplemental' for Hanzi='日本'. No exact match found!
Unable to add tag 'Chinese::Chinese_Link_Level1::L03::Supplemental' for Hanzi='西班牙'. No exact match found!
Unable to add tag 'Chinese::Chinese_Link_Level1::L11::Core' for Hanzi='杯'. No exact match found!
Unable to add tag 'Chinese::Chinese_Link_Level1::L11::Core' for Hanzi='瓶'. No exact match found!
Unable to add tag 'Chinese::Chinese_Link_Level1::L11::Core' for Hanzi='可乐'. No exact match found!
Unable to add tag 'Chinese::Chinese_Link_Level1::L11::Core' for Hanzi='面'. No exact match found!
Unable to add tag 'Chinese::Chinese_Link_Level1::L11::Core' for Hanzi='盘'. No exact match found!
Unable to add tag 'Chinese::Chinese_Link_Level1::L11::Core' for Hanzi='点菜'. No exact match found!
Unable to add tag 'Chinese::Chinese_Link_Level1::L11::Supplemental' for Hanzi='饭馆'. No exact match found!
Unable to add tag 'Chinese::Chinese_Link_Level1::L11::Supplemental' for Hanzi='小费'. No exact match found!
Unable to add tag 'Chinese::Chinese_Link_Level1::L11::Supplemental' for Hanzi='买单'. No exact match found!
Unable to add tag 'Chinese::Chinese_Link_Level1::L11::Supplemental' for Hanzi='白饭'. No exact match found!
Unable to add tag 'Chinese::Chinese_Link_Level1::L11::Supplemental' for Hanzi='馄饨'. No exact match found!
Unable to add tag 'Chinese::Chinese_Link_Level1::L11::Supplemental' for Hanzi='青菜'. No exact match found!
Unable to add tag 'Chinese::Chinese_Link_Level1::L11::Supplemental' for Hanzi='猪肉'. No exact match found!
Unable to add tag 'Chinese::Chinese_Link_Level1::L11::Supplemental' for Hanzi='肉'. No exact match found!
Unable to add tag 'Chinese::Chinese_Link_Level1::L11::Supplemental' for Hanzi='牛肉'. No exact match found!
Unable to add tag 'Chinese::Chinese_Link_Level1::L11::Supplemental' for Hanzi='鸡肉'. No exact match found!
Unable to add tag 'Chinese::Chinese_Link_Level1::L11::Supplemental' for Hanzi='沙拉'. No exact match found!
Unable to add tag 'Chinese::Chinese_Link_Level1::L11::Supplemental' for Hanzi='甜点'. No exact match found!
Unable to add tag 'Chinese::Chinese_Link_Level1::L05::Core' for Hanzi='常'. No exact match found!
Unable to add tag 'Chinese::Chinese_Link_Level1::L05::Supplemental' for Hanzi='女朋友'. No exact match found!
Unable to add tag 'Chinese::Chinese_Link_Level1::L05::Supplemental' for Hanzi='男朋友'. No exact match found!
Unable to add tag 'Chinese::Chinese_Link_Level1::L09::Core' for Hanzi='打'. No exact match found!
Unable to add tag 'Chinese::Chinese_Link_Level1::L09::Core' for Hanzi='等一下儿'. No exact match found!
Unable to add tag 'Chinese::Chinese_Link_Level1::L09::Core' for Hanzi='知道了'. No exact match found!
Unable to add tag 'Chinese::Chinese_Link_Level1::L09::Core' for Hanzi='我就是'. No exact match found!
Unable to add tag 'Chinese::Chinese_Link_Level1::L09::Core' for Hanzi='留言'. No exact match found!
Unable to add tag 'Chinese::Chinese_Link_Level1::L09::Core' for Hanzi='留话'. No exact match found!
Unable to add tag 'Chinese::Chinese_Link_Level1::L09::Core' for Hanzi='什么时候'. No exact match found!
Unable to add tag 'Chinese::Chinese_Link_Level1::L09::Core' for Hanzi='回来'. No exact match found!
Unable to add tag 'Chinese::Chinese_Link_Level1::L09::Supplemental' for Hanzi='打错了'. No exact match found!
Unable to add tag 'Chinese::Chinese_Link_Level1::L09::Supplemental' for Hanzi='网路'. No exact match found!
Unable to add tag 'Chinese::Chinese_Link_Level1::L09::Supplemental' for Hanzi='送简讯'. No exact match found!
Unable to add tag 'Chinese::Chinese_Link_Level1::L09::Supplemental' for Hanzi='通'. No exact match found!
Unable to add tag 'Chinese::Chinese_Link_Level1::L09::Supplemental' for Hanzi='不谢'. No exact match found!
Unable to add tag 'Chinese::Chinese_Link_Level1::L06::Core' for Hanzi='男朋友'. No exact match found!
Unable to add tag 'Chinese::Chinese_Link_Level1::L06::Core' for Hanzi='车'. No exact match found!
Unable to add tag 'Chinese::Chinese_Link_Level1::L06::Supplemental' for Hanzi='兄弟姐妹'. No exact match found!
Unable to add tag 'Chinese::Chinese_Link_Level1::L06::Supplemental' for Hanzi='女朋友'. No exact match found!
Unable to add tag 'Chinese::Chinese_Link_Level1::L06::Supplemental' for Hanzi='商人'. No exact match found!
Unable to add tag 'Chinese::Chinese_Link_Level1::L06::Supplemental' for Hanzi='家庭主妇'. No exact match found!
Unable to add tag 'Chinese::Chinese_Link_Level1::L06::Supplemental' for Hanzi='厨师'. No exact match found!
Unable to add tag 'Chinese::Chinese_Link_Level1::L01::Core' for Hanzi='学'. No exact match found!
Unable to add tag 'Chinese::Chinese_Link_Level1::L02::Core' for Hanzi='请问'. No exact match found!
Unable to add tag 'Chinese::Chinese_Link_Level1::L02::Core' for Hanzi='英文'. No exact match found!
Unable to add tag 'Chinese::Chinese_Link_Level1::L02::Core' for Hanzi='同'. No exact match found!
Unable to add tag 'Chinese::Chinese_Link_Level1::L07::Core' for Hanzi='电话'. No exact match found!
Unable to add tag 'Chinese::Chinese_Link_Level1::L07::Core' for Hanzi='电'. No exact match found!
Unable to add tag 'Chinese::Chinese_Link_Level1::L07::Core' for Hanzi='手'. No exact match found!
Unable to add tag 'Chinese::Chinese_Link_Level1::L07::Core' for Hanzi='机'. No exact match found!
Unable to add tag 'Chinese::Chinese_Link_Level1::L07::Core' for Hanzi='校外'. No exact match found!
Unable to add tag 'Chinese::Chinese_Link_Level1::L07::Core' for Hanzi='校'. No exact match found!
Unable to add tag 'Chinese::Chinese_Link_Level1::L07::Supplemental' for Hanzi='校内'. No exact match found!
Unable to add tag 'Chinese::Chinese_Link_Level1::L07::Supplemental' for Hanzi='房子'. No exact match found!
Unable to add tag 'Chinese::Chinese_Link_Level1::L04::Core' for Hanzi='工程'. No exact match found!
Unable to add tag 'Chinese::Chinese_Link_Level1::L04::Core' for Hanzi='功课'. No exact match found!
Unable to add tag 'Chinese::Chinese_Link_Level1::L04::Core' for Hanzi='们'. No exact match found!
Unable to add tag 'Chinese::Chinese_Link_Level1::L04::Supplemental' for Hanzi='大学生'. No exact match found!
Unable to add tag 'Chinese::Chinese_Link_Level1::L04::Supplemental' for Hanzi='辅修'. No exact match found!
Unable to add tag 'Chinese::Chinese_Link_Level1::L04::Supplemental' for Hanzi='有点儿'. No exact match found!
Unable to add tag 'Chinese::Chinese_Link_Level1::L10::Core' for Hanzi='每天'. No exact match found!
Unable to add tag 'Chinese::Chinese_Link_Level1::L10::Core' for Hanzi='天'. No exact match found!
Unable to add tag 'Chinese::Chinese_Link_Level1::L10::Core' for Hanzi='大学'. No exact match found!
Unable to add tag 'Chinese::Chinese_Link_Level1::L10::Core' for Hanzi='球'. No exact match found!
Unable to add tag 'Chinese::Chinese_Link_Level1::L10::Supplemental' for Hanzi='点钟'. No exact match found!
Unable to add tag 'Chinese::Chinese_Link_Level1::L10::Supplemental' for Hanzi='分钟'. No exact match found!
Unable to add tag 'Chinese::Chinese_Link_Level1::L10::Supplemental' for Hanzi='早'. No exact match found!
Unable to add tag 'Chinese::Chinese_Link_Level1::L10::Supplemental' for Hanzi='晚'. No exact match found!
Unable to add tag 'Chinese::Chinese_Link_Level2::L11::Core' for Hanzi='事情'. No exact match found!
Unable to add tag 'Chinese::Chinese_Link_Level2::L11::Core' for Hanzi='受不了'. No exact match found!
Unable to add tag 'Chinese::Chinese_Link_Level2::L11::Core' for Hanzi='盲肠炎'. No exact match found!
Unable to add tag 'Chinese::Chinese_Link_Level2::L11::Core' for Hanzi='阑尾炎'. No exact match found!
Unable to add tag 'Chinese::Chinese_Link_Level2::L11::Core' for Hanzi='家人'. No exact match found!
Unable to add tag 'Chinese::Chinese_Link_Level2::L11::Core' for Hanzi='怕'. No exact match found!
Unable to add tag 'Chinese::Chinese_Link_Level2::L11::Core' for Hanzi='父母'. No exact match found!
Unable to add tag 'Chinese::Chinese_Link_Level2::L15::Core' for Hanzi='求'. No exact match found!
Unable to add tag 'Chinese::Chinese_Link_Level2::L15::Core' for Hanzi='发件'. No exact match found!
Unable to add tag 'Chinese::Chinese_Link_Level2::L15::Core' for Hanzi='收件'. No exact match found!
Unable to add tag 'Chinese::Chinese_Link_Level2::L15::Core' for Hanzi='发送'. No exact match found!
Unable to add tag 'Chinese::Chinese_Link_Level2::L15::Core' for Hanzi='遇'. No exact match found!
Unable to add tag 'Chinese::Chinese_Link_Level2::L15::Core' for Hanzi='和好'. No exact match found!
Unable to add tag 'Chinese::Chinese_Link_Level2::L15::Core' for Hanzi='盘'. No exact match found!
Unable to add tag 'Chinese::Chinese_Link_Level2::L15::Core' for Hanzi='录音机'. No exact match found!
Unable to add tag 'Chinese::Chinese_Link_Level2::L15::Core' for Hanzi='绞'. No exact match found!
Unable to add tag 'Chinese::Chinese_Link_Level2::L15::Core' for Hanzi='同样'. No exact match found!
Unable to add tag 'Chinese::Chinese_Link_Level2::L15::Core' for Hanzi='爱好者'. No exact match found!
Unable to add tag 'Chinese::Chinese_Link_Level2::L15::Core' for Hanzi='光碟'. No exact match found!
Unable to add tag 'Chinese::Chinese_Link_Level2::L15::Core' for Hanzi='歌'. No exact match found!
Unable to add tag 'Chinese::Chinese_Link_Level2::L15::Core' for Hanzi='购'. No exact match found!
Unable to add tag 'Chinese::Chinese_Link_Level2::L15::Core' for Hanzi='帖子'. No exact match found!
Unable to add tag 'Chinese::Chinese_Link_Level2::L14::Core' for Hanzi='扑通扑通'. No exact match found!
Unable to add tag 'Chinese::Chinese_Link_Level2::L14::Core' for Hanzi='跳'. No exact match found!
Unable to add tag 'Chinese::Chinese_Link_Level2::L14::Core' for Hanzi='开口'. No exact match found!
Unable to add tag 'Chinese::Chinese_Link_Level2::L14::Core' for Hanzi='封'. No exact match found!
Unable to add tag 'Chinese::Chinese_Link_Level2::L14::Core' for Hanzi='灵机一动'. No exact match found!
Unable to add tag 'Chinese::Chinese_Link_Level2::L14::Core' for Hanzi='聊天室'. No exact match found!
Unable to add tag 'Chinese::Chinese_Link_Level2::L14::Core' for Hanzi='以下'. No exact match found!
Unable to add tag 'Chinese::Chinese_Link_Level2::L14::Core' for Hanzi='写道'. No exact match found!
Unable to add tag 'Chinese::Chinese_Link_Level2::L14::Core' for Hanzi='淅沥淅沥'. No exact match found!
Unable to add tag 'Chinese::Chinese_Link_Level2::L14::Core' for Hanzi='嘀嗒嘀嗒'. No exact match found!
Unable to add tag 'Chinese::Chinese_Link_Level2::L14::Core' for Hanzi='说声'. No exact match found!
Unable to add tag 'Chinese::Chinese_Link_Level2::L14::Core' for Hanzi='理'. No exact match found!
Unable to add tag 'Chinese::Chinese_Link_Level2::L14::Core' for Hanzi='泪眼汪汪'. No exact match found!
Unable to add tag 'Chinese::Chinese_Link_Level2::L14::Core' for Hanzi='少来'. No exact match found!
Unable to add tag 'Chinese::Chinese_Link_Level2::L14::Core' for Hanzi='急急忙忙'. No exact match found!
Unable to add tag 'Chinese::Chinese_Link_Level2::L14::Core' for Hanzi='出事'. No exact match found!
Unable to add tag 'Chinese::Chinese_Link_Level2::L14::Core' for Hanzi='安危'. No exact match found!
Unable to add tag 'Chinese::Chinese_Link_Level2::L14::Core' for Hanzi='既……又'. No exact match found!
Unable to add tag 'Chinese::Chinese_Link_Level2::L14::Core' for Hanzi='不瞒你说'. No exact match found!
Unable to add tag 'Chinese::Chinese_Link_Level2::L14::Core' for Hanzi='噼里啪啦'. No exact match found!
Unable to add tag 'Chinese::Chinese_Link_Level2::L14::Core' for Hanzi='音乐会'. No exact match found!
Unable to add tag 'Chinese::Chinese_Link_Level2::L17::Core' for Hanzi='就业中心'. No exact match found!
Unable to add tag 'Chinese::Chinese_Link_Level2::L13::Core' for Hanzi='数码相机'. No exact match found!
Unable to add tag 'Chinese::Chinese_Link_Level2::L13::Core' for Hanzi='数位相机'. No exact match found!
Unable to add tag 'Chinese::Chinese_Link_Level2::L13::Core' for Hanzi='逼'. No exact match found!
Unable to add tag 'Chinese::Chinese_Link_Level2::L13::Core' for Hanzi='声'. No exact match found!
Unable to add tag 'Chinese::Chinese_Link_Level2::L13::Core' for Hanzi='改'. No exact match found!
Unable to add tag 'Chinese::Chinese_Link_Level2::L18::Core' for Hanzi='尽管'. No exact match found!
Unable to add tag 'Chinese::Chinese_Link_Level2::L18::Core' for Hanzi='除了……以外'. No exact match found!
Unable to add tag 'Chinese::Chinese_Link_Level2::L18::Core' for Hanzi='凡是'. No exact match found!
Unable to add tag 'Chinese::Chinese_Link_Level2::L18::Core' for Hanzi='之一'. No exact match found!
Unable to add tag 'Chinese::Chinese_Link_Level2::L18::Core' for Hanzi='哪怕'. No exact match found!
Unable to add tag 'Chinese::Chinese_Link_Level2::L12::Core' for Hanzi='由于'. No exact match found!
Unable to add tag 'Chinese::Chinese_Link_Level2::L12::Core' for Hanzi='帮助'. No exact match found!
Unable to add tag 'Chinese::Chinese_Link_Level2::L12::Core' for Hanzi='糟'. No exact match found!
Unable to add tag 'Chinese::Chinese_Link_Level2::L12::Core' for Hanzi='不然'. No exact match found!
Unable to add tag 'Chinese::Chinese_Link_Level2::L16::Core' for Hanzi='非……不可'. No exact match found!
Unable to add tag 'Chinese::Chinese_Link_Level2::L16::Core' for Hanzi='教书'. No exact match found!
Unable to add tag 'Chinese::Chinese_Link_Level2::L16::Core' for Hanzi='所学的'. No exact match found!
Unable to add tag 'Chinese::Chinese_Link_Level2::L16::Core' for Hanzi='以……为荣'. No exact match found!
Unable to add tag 'Chinese::Chinese_Link_Level2::L08::Core' for Hanzi='吸引人'. No exact match found!
Unable to add tag 'Chinese::Chinese_Link_Level2::L08::Core' for Hanzi='兴趣'. No exact match found!
Unable to add tag 'Chinese::Chinese_Link_Level2::L08::Core' for Hanzi='颜色'. No exact match found!
Unable to add tag 'Chinese::Chinese_Link_Level2::L03::Core' for Hanzi='左'. No exact match found!
Unable to add tag 'Chinese::Chinese_Link_Level2::L03::Core' for Hanzi='右'. No exact match found!
Unable to add tag 'Chinese::Chinese_Link_Level2::L03::Core' for Hanzi='弯儿'. No exact match found!
Unable to add tag 'Chinese::Chinese_Link_Level2::L05::Core' for Hanzi='飞行'. No exact match found!
Unable to add tag 'Chinese::Chinese_Link_Level2::L05::Core' for Hanzi='转机'. No exact match found!
Unable to add tag 'Chinese::Chinese_Link_Level2::L05::Core' for Hanzi='赶上'. No exact match found!
Unable to add tag 'Chinese::Chinese_Link_Level2::L05::Core' for Hanzi='班机'. No exact match found!
Unable to add tag 'Chinese::Chinese_Link_Level2::L05::Core' for Hanzi='大开眼界'. No exact match found!
Unable to add tag 'Chinese::Chinese_Link_Level2::L05::Core' for Hanzi='闹'. No exact match found!
Unable to add tag 'Chinese::Chinese_Link_Level2::L05::Core' for Hanzi='虽然'. No exact match found!
Unable to add tag 'Chinese::Chinese_Link_Level2::L09::Core' for Hanzi='体重'. No exact match found!
Unable to add tag 'Chinese::Chinese_Link_Level2::L09::Core' for Hanzi='早'. No exact match found!
Unable to add tag 'Chinese::Chinese_Link_Level2::L09::Core' for Hanzi='尺'. No exact match found!
Unable to add tag 'Chinese::Chinese_Link_Level2::L09::Core' for Hanzi='时'. No exact match found!
Unable to add tag 'Chinese::Chinese_Link_Level2::L06::Core' for Hanzi='款'. No exact match found!
Unable to add tag 'Chinese::Chinese_Link_Level2::L06::Core' for Hanzi='利率'. No exact match found!
Unable to add tag 'Chinese::Chinese_Link_Level2::L06::Core' for Hanzi='百分之'. No exact match found!
Unable to add tag 'Chinese::Chinese_Link_Level2::L06::Core' for Hanzi='职员'. No exact match found!
Unable to add tag 'Chinese::Chinese_Link_Level2::L06::Core' for Hanzi='单子'. No exact match found!
Unable to add tag 'Chinese::Chinese_Link_Level2::L06::Core' for Hanzi='填'. No exact match found!
Unable to add tag 'Chinese::Chinese_Link_Level2::L06::Core' for Hanzi='簿'. No exact match found!
Unable to add tag 'Chinese::Chinese_Link_Level2::L06::Core' for Hanzi='取款卡'. No exact match found!
Unable to add tag 'Chinese::Chinese_Link_Level2::L06::Core' for Hanzi='表'. No exact match found!
Unable to add tag 'Chinese::Chinese_Link_Level2::L06::Core' for Hanzi='外币'. No exact match found!
Unable to add tag 'Chinese::Chinese_Link_Level2::L01::Core' for Hanzi='行李'. No exact match found!
Unable to add tag 'Chinese::Chinese_Link_Level2::L01::Core' for Hanzi='扫'. No exact match found!
Unable to add tag 'Chinese::Chinese_Link_Level2::L01::Core' for Hanzi='忘'. No exact match found!
Unable to add tag 'Chinese::Chinese_Link_Level2::L01::Core' for Hanzi='窗'. No exact match found!
Unable to add tag 'Chinese::Chinese_Link_Level2::L02::Core' for Hanzi='打'. No exact match found!
Unable to add tag 'Chinese::Chinese_Link_Level2::L02::Core' for Hanzi='戏'. No exact match found!
Unable to add tag 'Chinese::Chinese_Link_Level2::L07::Core' for Hanzi='查'. No exact match found!
Unable to add tag 'Chinese::Chinese_Link_Level2::L07::Core' for Hanzi='买到'. No exact match found!
Unable to add tag 'Chinese::Chinese_Link_Level2::L07::Core' for Hanzi='找得到'. No exact match found!
Unable to add tag 'Chinese::Chinese_Link_Level2::L04::Core' for Hanzi='凉'. No exact match found!
Unable to add tag 'Chinese::Chinese_Link_Level2::L04::Core' for Hanzi='这是'. No exact match found!
Unable to add tag 'Chinese::Chinese_Link_Level2::L10::Core' for Hanzi='说好了'. No exact match found!
Unable to add tag 'Chinese::Chinese_Link_Level2::L10::Core' for Hanzi='旬'. No exact match found!
Unable to add tag 'Chinese::Chinese_Link_Level2::L10::Core' for Hanzi='付款'. No exact match found!
Unable to add tag 'Chinese::Chinese_Link_Level2::L10::Core' for Hanzi='当天'. No exact match found!
Unable to add tag 'Chinese::Chinese_Link_Level2::L10::Core' for Hanzi='爬'. No exact match found!
Unable to add tag 'Chinese::Chinese_Link_Level2::L10::Core' for Hanzi='帮助'. No exact match found!
Unable to add tag 'Chinese::Chinese_Link_Level2::L10::Core' for Hanzi='好汉'. No exact match found!
Unable to add tag 'Chinese::Chinese_Link_Level2::L10::Core' for Hanzi='满载而归'. No exact match found!
